- 1117838570 2005.06.03 R02-M1-N0-C:J12-U11 2005-06-03-15.42.50.363779 R02-M1-N0-C:J12-U11 RAS KERNEL INFO instruction cache parity error corrected
- 1117838573 2005.06.03 R02-M1-N0-C:J12-U11 2005-06-03-15.42.53.432897 R02-M1-N0-C:J12-U11 RAS KERNEL INFO data cache parity error corrected
- 1117838576 2005.06.03 R02-M1-N1-C:J14-U01 2005-06-03-15.42.56.789012 R02-M1-N1-C:J14-U01 RAS APP INFO generating core.14314
- 1117838579 2005.06.03 R02-M1-N0-C:J12-U11 2005-06-03-15.42.59.123456 R02-M1-N0-C:J12-U11 RAS KERNEL INFO instruction cache parity error corrected
- 1117838582 2005.06.03 R02-M1-N2-C:J18-U01 2005-06-03-15.43.02.234567 R02-M1-N2-C:J18-U01 RAS KERNEL INFO data TLB error corrected
- 1117838585 2005.06.03 R02-M1-N0-C:J12-U11 2005-06-03-15.43.05.345678 R02-M1-N0-C:J12-U11 RAS KERNEL WARNING double-hummer alignment exceptions
- 1117838588 2005.06.03 R02-M1-N3-C:J16-U11 2005-06-03-15.43.08.456789 R02-M1-N3-C:J16-U11 RAS KERNEL INFO L3 cache correctable error corrected
- 1117838591 2005.06.03 R02-M1-N0-C:J12-U11 2005-06-03-15.43.11.567890 R02-M1-N0-C:J12-U11 RAS KERNEL INFO instruction cache parity error corrected
- 1117838594 2005.06.03 R02-M1-N1-C:J14-U01 2005-06-03-15.43.14.678901 R02-M1-N1-C:J14-U01 RAS APP INFO ciod: LOGIN chdir(/p/gb1) failed: No such file or directory
- 1117838597 2005.06.03 R02-M1-N2-C:J18-U01 2005-06-03-15.43.17.789012 R02-M1-N2-C:J18-U01 RAS KERNEL INFO data cache parity error corrected
- 1117838600 2005.06.03 R02-M1-N0-C:J12-U11 2005-06-03-15.43.20.890123 R02-M1-N0-C:J12-U11 RAS KERNEL INFO instruction cache parity error corrected
- 1117838603 2005.06.03 R02-M1-N4-C:J12-U01 2005-06-03-15.43.23.901234 R02-M1-N4-C:J12-U01 RAS KERNEL INFO data store interrupt
- 1117838606 2005.06.03 R02-M1-N0-C:J12-U11 2005-06-03-15.43.26.012345 R02-M1-N0-C:J12-U11 RAS KERNEL INFO instruction cache parity error corrected
- 1117838609 2005.06.03 R02-M1-N5-C:J14-U11 2005-06-03-15.43.29.123456 R02-M1-N5-C:J14-U11 RAS APP INFO generating core.14891
- 1117838612 2005.06.03 R02-M1-N0-C:J12-U11 2005-06-03-15.43.32.234567 R02-M1-N0-C:J12-U11 RAS KERNEL INFO data TLB error corrected
- 1117838615 2005.06.03 R02-M1-N6-C:J18-U11 2005-06-03-15.43.35.345678 R02-M1-N6-C:J18-U11 RAS KERNEL INFO L3 cache correctable error corrected
- 1117838618 2005.06.03 R02-M1-N0-C:J12-U11 2005-06-03-15.43.38.456789 R02-M1-N0-C:J12-U11 RAS KERNEL INFO instruction cache parity error corrected
- 1117838621 2005.06.03 R02-M1-N7-C:J16-U01 2005-06-03-15.43.41.567890 R02-M1-N7-C:J16-U01 RAS KERNEL WARNING memory controller error
- 1117838624 2005.06.03 R02-M1-N0-C:J12-U11 2005-06-03-15.43.44.678901 R02-M1-N0-C:J12-U11 RAS KERNEL INFO data cache parity error corrected
- 1117838627 2005.06.03 R02-M1-N8-C:J12-U11 2005-06-03-15.43.47.789012 R02-M1-N8-C:J12-U11 RAS APP INFO ciod: Error loading /bgl/apps/pvfs2: error loading shared library
- 1117838630 2005.06.03 R02-M1-N0-C:J12-U11 2005-06-03-15.43.50.890123 R02-M1-N0-C:J12-U11 RAS KERNEL INFO instruction cache parity error corrected
- 1117838633 2005.06.03 R02-M1-N9-C:J14-U11 2005-06-03-15.43.53.901234 R02-M1-N9-C:J14-U11 RAS KERNEL INFO data store interrupt
- 1117838636 2005.06.03 R02-M1-N0-C:J12-U11 2005-06-03-15.43.56.012345 R02-M1-N0-C:J12-U11 RAS KERNEL INFO data TLB error corrected
- 1117838639 2005.06.03 R02-M1-N10-C:J18-U01 2005-06-03-15.43.59.123456 R02-M1-N10-C:J18-U01 RAS KERNEL INFO L3 cache correctable error corrected
- 1117838642 2005.06.03 R02-M1-N0-C:J12-U11 2005-06-03-15.44.02.234567 R02-M1-N0-C:J12-U11 RAS KERNEL INFO instruction cache parity error corrected
- 1117838645 2005.06.03 R02-M1-N11-C:J16-U11 2005-06-03-15.44.05.345678 R02-M1-N11-C:J16-U11 RAS KERNEL INFO data cache parity error corrected
- 1117838648 2005.06.03 R02-M1-N0-C:J12-U11 2005-06-03-15.44.08.456789 R02-M1-N0-C:J12-U11 RAS KERNEL WARNING floating point alignment exception
- 1117838651 2005.06.03 R02-M1-N12-C:J12-U01 2005-06-03-15.44.11.567890 R02-M1-N12-C:J12-U01 RAS APP INFO generating core.15023
- 1117838654 2005.06.03 R02-M1-N0-C:J12-U11 2005-06-03-15.44.14.678901 R02-M1-N0-C:J12-U11 RAS KERNEL INFO instruction cache parity error corrected
- 1117838657 2005.06.03 R02-M1-N13-C:J14-U01 2005-06-03-15.44.17.789012 R02-M1-N13-C:J14-U01 RAS KERNEL INFO data TLB error corrected
- 1117838660 2005.06.03 R02-M1-N0-C:J12-U11 2005-06-03-15.44.20.890123 R02-M1-N0-C:J12-U11 RAS KERNEL INFO data cache parity error corrected
- 1117838663 2005.06.03 R02-M1-N14-C:J18-U11 2005-06-03-15.44.23.901234 R02-M1-N14-C:J18-U11 RAS KERNEL INFO L3 cache correctable error corrected
- 1117838666 2005.06.03 R02-M1-N0-C:J12-U11 2005-06-03-15.44.26.012345 R02-M1-N0-C:J12-U11 RAS KERNEL INFO instruction cache parity error corrected
- 1117838669 2005.06.03 R02-M1-N15-C:J16-U01 2005-06-03-15.44.29.123456 R02-M1-N15-C:J16-U01 RAS KERNEL INFO data store interrupt
- 1117838672 2005.06.03 R02-M1-N0-C:J12-U11 2005-06-03-15.44.32.234567 R02-M1-N0-C:J12-U11 RAS KERNEL INFO data TLB error corrected
- 1117838675 2005.06.03 R02-M0-N0-C:J12-U11 2005-06-03-15.44.35.345678 R02-M0-N0-C:J12-U11 RAS KERNEL INFO instruction cache parity error corrected
- 1117838678 2005.06.03 R02-M0-N1-C:J14-U01 2005-06-03-15.44.38.456789 R02-M0-N1-C:J14-U01 RAS APP INFO ciod: LOGIN chdir(/p/gb2) failed: Permission denied
- 1117838681 2005.06.03 R02-M0-N0-C:J12-U11 2005-06-03-15.44.41.567890 R02-M0-N0-C:J12-U11 RAS KERNEL INFO data cache parity error corrected
- 1117838684 2005.06.03 R02-M0-N2-C:J18-U01 2005-06-03-15.44.44.678901 R02-M0-N2-C:J18-U01 RAS KERNEL INFO L3 cache correctable error corrected
- 1117838687 2005.06.03 R02-M0-N0-C:J12-U11 2005-06-03-15.44.47.789012 R02-M0-N0-C:J12-U11 RAS KERNEL INFO instruction cache parity error corrected
- 1117838690 2005.06.03 R02-M0-N3-C:J16-U11 2005-06-03-15.44.50.890123 R02-M0-N3-C:J16-U11 RAS KERNEL WARNING double-hummer alignment exceptions
- 1117838693 2005.06.03 R02-M0-N0-C:J12-U11 2005-06-03-15.44.53.901234 R02-M0-N0-C:J12-U11 RAS KERNEL INFO data TLB error corrected
- 1117838696 2005.06.03 R02-M0-N4-C:J12-U01 2005-06-03-15.44.56.012345 R02-M0-N4-C:J12-U01 RAS KERNEL INFO data store interrupt
- 1117838699 2005.06.03 R02-M0-N0-C:J12-U11 2005-06-03-15.44.59.123456 R02-M0-N0-C:J12-U11 RAS KERNEL INFO data cache parity error corrected
- 1117838702 2005.06.03 R02-M0-N5-C:J14-U11 2005-06-03-15.45.02.234567 R02-M0-N5-C:J14-U11 RAS APP INFO generating core.15156
- 1117838705 2005.06.03 R02-M0-N0-C:J12-U11 2005-06-03-15.45.05.345678 R02-M0-N0-C:J12-U11 RAS KERNEL INFO instruction cache parity error corrected
- 1117838708 2005.06.03 R02-M0-N6-C:J18-U11 2005-06-03-15.45.08.456789 R02-M0-N6-C:J18-U11 RAS KERNEL INFO L3 cache correctable error corrected
- 1117838711 2005.06.03 R02-M0-N0-C:J12-U11 2005-06-03-15.45.11.567890 R02-M0-N0-C:J12-U11 RAS KERNEL INFO data TLB error corrected
- 1117838714 2005.06.03 R02-M0-N7-C:J16-U01 2005-06-03-15.45.14.678901 R02-M0-N7-C:J16-U01 RAS KERNEL WARNING memory controller error
- 1117838717 2005.06.03 R02-M0-N0-C:J12-U11 2005-06-03-15.45.17.789012 R02-M0-N0-C:J12-U11 RAS KERNEL INFO instruction cache parity error corrected
- 1117838720 2005.06.03 R02-M0-N8-C:J12-U11 2005-06-03-15.45.20.890123 R02-M0-N8-C:J12-U11 RAS KERNEL INFO data cache parity error corrected
- 1117838723 2005.06.03 R02-M0-N0-C:J12-U11 2005-06-03-15.45.23.901234 R02-M0-N0-C:J12-U11 RAS KERNEL INFO data store interrupt
- 1117838726 2005.06.03 R02-M0-N9-C:J14-U11 2005-06-03-15.45.26.012345 R02-M0-N9-C:J14-U11 RAS APP INFO ciod: Error loading /bgl/apps/mpich: error loading shared library
- 1117838729 2005.06.03 R02-M0-N0-C:J12-U11 2005-06-03-15.45.29.123456 R02-M0-N0-C:J12-U11 RAS KERNEL INFO instruction cache parity error corrected
- 1117838732 2005.06.03 R02-M0-N10-C:J18-U01 2005-06-03-15.45.32.234567 R02-M0-N10-C:J18-U01 RAS KERNEL INFO L3 cache correctable error corrected
- 1117838735 2005.06.03 R02-M0-N0-C:J12-U11 2005-06-03-15.45.35.345678 R02-M0-N0-C:J12-U11 RAS KERNEL INFO data TLB error corrected
- 1117838738 2005.06.03 R02-M0-N11-C:J16-U11 2005-06-03-15.45.38.456789 R02-M0-N11-C:J16-U11 RAS KERNEL INFO data cache parity error corrected
- 1117838741 2005.06.03 R02-M0-N0-C:J12-U11 2005-06-03-15.45.41.567890 R02-M0-N0-C:J12-U11 RAS KERNEL INFO instruction cache parity error corrected
- 1117838744 2005.06.03 R02-M0-N12-C:J12-U01 2005-06-03-15.45.44.678901 R02-M0-N12-C:J12-U01 RAS KERNEL WARNING floating point alignment exception
- 1117838747 2005.06.03 R02-M0-N0-C:J12-U11 2005-06-03-15.45.47.789012 R02-M0-N0-C:J12-U11 RAS KERNEL INFO data TLB error corrected
- 1117838750 2005.06.03 R02-M0-N13-C:J14-U01 2005-06-03-15.45.50.890123 R02-M0-N13-C:J14-U01 RAS APP INFO generating core.15289
- 1117838753 2005.06.03 R02-M0-N0-C:J12-U11 2005-06-03-15.45.53.901234 R02-M0-N0-C:J12-U11 RAS KERNEL INFO instruction cache parity error corrected
- 1117838756 2005.06.03 R02-M0-N14-C:J18-U11 2005-06-03-15.45.56.012345 R02-M0-N14-C:J18-U11 RAS KERNEL INFO L3 cache correctable error corrected
- 1117838759 2005.06.03 R02-M0-N0-C:J12-U11 2005-06-03-15.45.59.123456 R02-M0-N0-C:J12-U11 RAS KERNEL INFO data cache parity error corrected
- 1117838762 2005.06.03 R02-M0-N15-C:J16-U01 2005-06-03-15.46.02.234567 R02-M0-N15-C:J16-U01 RAS KERNEL INFO data store interrupt
- 1117838765 2005.06.03 R02-M0-N0-C:J12-U11 2005-06-03-15.46.05.345678 R02-M0-N0-C:J12-U11 RAS KERNEL INFO instruction cache parity error corrected
- 1117838768 2005.06.03 R03-M1-N0-C:J12-U11 2005-06-03-15.46.08.456789 R03-M1-N0-C:J12-U11 RAS KERNEL INFO data TLB error corrected
- 1117838771 2005.06.03 R02-M0-N0-C:J12-U11 2005-06-03-15.46.11.567890 R02-M0-N0-C:J12-U11 RAS KERNEL INFO data cache parity error corrected
- 1117838774 2005.06.03 R03-M1-N1-C:J14-U01 2005-06-03-15.46.14.678901 R03-M1-N1-C:J14-U01 RAS KERNEL INFO L3 cache correctable error corrected
- 1117838777 2005.06.03 R02-M0-N0-C:J12-U11 2005-06-03-15.46.17.789012 R02-M0-N0-C:J12-U11 RAS KERNEL INFO instruction cache parity error corrected
- 1117838780 2005.06.03 R03-M1-N2-C:J18-U01 2005-06-03-15.46.20.890123 R03-M1-N2-C:J18-U01 RAS KERNEL WARNING double-hummer alignment exceptions
- 1117838783 2005.06.03 R02-M0-N0-C:J12-U11 2005-06-03-15.46.23.901234 R02-M0-N0-C:J12-U11 RAS KERNEL INFO data TLB error corrected
- 1117838786 2005.06.03 R03-M1-N3-C:J16-U11 2005-06-03-15.46.26.012345 R03-M1-N3-C:J16-U11 RAS KERNEL INFO data store interrupt
- 1117838789 2005.06.03 R02-M0-N0-C:J12-U11 2005-06-03-15.46.29.123456 R02-M0-N0-C:J12-U11 RAS KERNEL INFO data cache parity error corrected
- 1117838792 2005.06.03 R03-M1-N4-C:J12-U01 2005-06-03-15.46.32.234567 R03-M1-N4-C:J12-U01 RAS APP INFO ciod: LOGIN chdir(/p/gb3) failed: No such file or directory
- 1117838795 2005.06.03 R02-M0-N0-C:J12-U11 2005-06-03-15.46.35.345678 R02-M0-N0-C:J12-U11 RAS KERNEL INFO instruction cache parity error corrected
- 1117838798 2005.06.03 R03-M1-N5-C:J14-U11 2005-06-03-15.46.38.456789 R03-M1-N5-C:J14-U11 RAS KERNEL INFO L3 cache correctable error corrected
- 1117838801 2005.06.03 R02-M0-N0-C:J12-U11 2005-06-03-15.46.41.567890 R02-M0-N0-C:J12-U11 RAS KERNEL INFO data TLB error corrected
- 1117838804 2005.06.03 R03-M1-N6-C:J18-U11 2005-06-03-15.46.44.678901 R03-M1-N6-C:J18-U11 RAS KERNEL INFO data cache parity error corrected
- 1117838807 2005.06.03 R02-M0-N0-C:J12-U11 2005-06-03-15.46.47.789012 R02-M0-N0-C:J12-U11 RAS KERNEL INFO instruction cache parity error corrected
- 1117838810 2005.06.03 R03-M1-N7-C:J16-U01 2005-06-03-15.46.50.890123 R03-M1-N7-C:J16-U01 RAS KERNEL WARNING memory controller error
- 1117838813 2005.06.03 R02-M0-N0-C:J12-U11 2005-06-03-15.46.53.901234 R02-M0-N0-C:J12-U11 RAS KERNEL INFO data TLB error corrected
- 1117838816 2005.06.03 R03-M1-N8-C:J12-U11 2005-06-03-15.46.56.012345 R03-M1-N8-C:J12-U11 RAS KERNEL INFO data store interrupt
- 1117838819 2005.06.03 R02-M0-N0-C:J12-U11 2005-06-03-15.46.59.123456 R02-M0-N0-C:J12-U11 RAS KERNEL INFO data cache parity error corrected
- 1117838822 2005.06.03 R03-M1-N9-C:J14-U11 2005-06-03-15.47.02.234567 R03-M1-N9-C:J14-U11 RAS APP INFO generating core.15422
- 1117838825 2005.06.03 R02-M0-N0-C:J12-U11 2005-06-03-15.47.05.345678 R02-M0-N0-C:J12-U11 RAS KERNEL INFO instruction cache parity error corrected
- 1117838828 2005.06.03 R03-M1-N10-C:J18-U01 2005-06-03-15.47.08.456789 R03-M1-N10-C:J18-U01 RAS KERNEL INFO L3 cache correctable error corrected
- 1117838831 2005.06.03 R02-M0-N0-C:J12-U11 2005-06-03-15.47.11.567890 R02-M0-N0-C:J12-U11 RAS KERNEL INFO data TLB error corrected
- 1117838834 2005.06.03 R03-M1-N11-C:J16-U11 2005-06-03-15.47.14.678901 R03-M1-N11-C:J16-U11 RAS KERNEL INFO data cache parity error corrected
- 1117838837 2005.06.03 R02-M0-N0-C:J12-U11 2005-06-03-15.47.17.789012 R02-M0-N0-C:J12-U11 RAS KERNEL INFO instruction cache parity error corrected
- 1117838840 2005.06.03 R03-M1-N12-C:J12-U01 2005-06-03-15.47.20.890123 R03-M1-N12-C:J12-U01 RAS KERNEL WARNING floating point alignment exception
- 1117838843 2005.06.03 R02-M0-N0-C:J12-U11 2005-06-03-15.47.23.901234 R02-M0-N0-C:J12-U11 RAS KERNEL INFO data TLB error corrected
- 1117838846 2005.06.03 R03-M1-N13-C:J14-U01 2005-06-03-15.47.26.012345 R03-M1-N13-C:J14-U01 RAS KERNEL INFO data store interrupt
